=== 메르 블로그 종목 언급 포스트 개수 분석 ===

총 505개의 메르 블로그 포스트 분석 중...

✅ 테슬라 (TSLA): 42개 포스트에서 언급
✅ 삼성전자 (005930): 73개 포스트에서 언급
✅ 한화오션 (042660): 29개 포스트에서 언급
✅ 애플 (AAPL): 29개 포스트에서 언급
✅ 삼성중공업 (010140): 21개 포스트에서 언급
✅ 엔비디아 (NVDA): 22개 포스트에서 언급
✅ 마이크로소프트 (MSFT): 11개 포스트에서 언급
✅ 구글 (GOOGL): 21개 포스트에서 언급
✅ 메타 (META): 10개 포스트에서 언급
✅ SK하이닉스 (000660): 15개 포스트에서 언급
✅ 인텔 (INTC): 7개 포스트에서 언급
✅ AMD (AMD): 2개 포스트에서 언급
✅ HD현대 (267250): 23개 포스트에서 언급
✅ TSMC (TSMC): 14개 포스트에서 언급
✅ 버크셔 해서웨이 (BRK.B): 15개 포스트에서 언급

=== 포스트 언급 개수 TOP 10 ===
1. 삼성전자 (005930): 73개 포스트, 감정: neutral
2. 테슬라 (TSLA): 42개 포스트, 감정: positive
3. 한화오션 (042660): 29개 포스트, 감정: positive
4. 애플 (AAPL): 29개 포스트, 감정: neutral
5. HD현대 (267250): 23개 포스트, 감정: positive
6. 엔비디아 (NVDA): 22개 포스트, 감정: positive
7. 삼성중공업 (010140): 21개 포스트, 감정: positive
8. 구글 (GOOGL): 21개 포스트, 감정: positive
9. SK하이닉스 (000660): 15개 포스트, 감정: positive
10. 버크셔 해서웨이 (BRK.B): 15개 포스트, 감정: positive

📁 결과가 data/stock-mentions-count.json에 저장되었습니다.
총 15개 종목이 발견되었습니다.
